This is XeTeX, Version 3.14159265-2.6-0.99992 (TeX Live 2015) (preloaded format=xelatex 2015.12.3)  30 OCT 2018 12:57
entering extended mode
 restricted \write18 enabled.
 %&-line parsing enabled.
**program.tex
(./program.tex
LaTeX2e <2015/01/01>
Babel <3.9l> and hyphenation patterns for 79 languages loaded.
(/usr/local/texlive/2015/texmf-dist/tex/latex/base/article.cls
Document Class: article 2014/09/29 v1.4h Standard LaTeX document class
(/usr/local/texlive/2015/texmf-dist/tex/latex/base/size10.clo
File: size10.clo 2014/09/29 v1.4h Standard LaTeX file (size option)
)
\c@part=\count79
\c@section=\count80
\c@subsection=\count81
\c@subsubsection=\count82
\c@paragraph=\count83
\c@subparagraph=\count84
\c@figure=\count85
\c@table=\count86
\abovecaptionskip=\skip41
\belowcaptionskip=\skip42
\bibindent=\dimen102
)
(/usr/local/texlive/2015/texmf-dist/tex/latex/graphics/graphicx.sty
Package: graphicx 2014/10/28 v1.0g Enhanced LaTeX Graphics (DPC,SPQR)

(/usr/local/texlive/2015/texmf-dist/tex/latex/graphics/keyval.sty
Package: keyval 2014/10/28 v1.15 key=value parser (DPC)
\KV@toks@=\toks14
)
(/usr/local/texlive/2015/texmf-dist/tex/latex/graphics/graphics.sty
Package: graphics 2014/10/28 v1.0p Standard LaTeX Graphics (DPC,SPQR)

(/usr/local/texlive/2015/texmf-dist/tex/latex/graphics/trig.sty
Package: trig 1999/03/16 v1.09 sin cos tan (DPC)
)
(/usr/local/texlive/2015/texmf-dist/tex/latex/latexconfig/graphics.cfg
File: graphics.cfg 2010/04/23 v1.9 graphics configuration of TeX Live
)
Package graphics Info: Driver file: xetex.def on input line 94.

(/usr/local/texlive/2015/texmf-dist/tex/xelatex/xetex-def/xetex.def
File: xetex.def 2015/03/25 v4.04 LaTeX color/graphics driver for XeTeX (TeX Liv
e/RRM/JK)
))
\Gin@req@height=\dimen103
\Gin@req@width=\dimen104
)
(./program.aux)
\openout1 = `program.aux'.

LaTeX Font Info:    Checking defaults for OML/cmm/m/it on input line 3.
LaTeX Font Info:    ... okay on input line 3.
LaTeX Font Info:    Checking defaults for T1/cmr/m/n on input line 3.
LaTeX Font Info:    ... okay on input line 3.
LaTeX Font Info:    Checking defaults for OT1/cmr/m/n on input line 3.
LaTeX Font Info:    ... okay on input line 3.
LaTeX Font Info:    Checking defaults for OMS/cmsy/m/n on input line 3.
LaTeX Font Info:    ... okay on input line 3.
LaTeX Font Info:    Checking defaults for OMX/cmex/m/n on input line 3.
LaTeX Font Info:    ... okay on input line 3.
LaTeX Font Info:    Checking defaults for U/cmr/m/n on input line 3.
LaTeX Font Info:    ... okay on input line 3.

Underfull \hbox (badness 10000) in paragraph at lines 19--21

 []

[1

]
LaTeX Font Info:    External font `cmex10' loaded for size
(Font)              <7> on input line 71.
LaTeX Font Info:    External font `cmex10' loaded for size
(Font)              <5> on input line 71.

Overfull \hbox (28.72pt too wide) in paragraph at lines 71--73
\OT1/cmtt/m/n/10 CCWWWWWWGG \OT1/cmr/m/n/10 in-clude CCATAATAGG - CCATTT-TAGG f
or $\OML/cmm/m/it/10 D \OT1/cmr/m/n/10 = 0$ and ACATAATAGG
 []

[2]
Overfull \hbox (22.4968pt too wide) in paragraph at lines 86--86
[]\OT1/cmtt/m/n/10 0.076721890299285 0.22663524926424 0.155128754560068 0.54151
4105876407[] 
 []


Overfull \hbox (43.49661pt too wide) in paragraph at lines 86--86
[]\OT1/cmtt/m/n/10 0.00183623473089011 0.0774357961198575 0.187190918506619 0.7
33537050642633[] 
 []


Overfull \hbox (48.74657pt too wide) in paragraph at lines 86--86
[]\OT1/cmtt/m/n/10 0.111301251090967 0.00168889040931061 0.00168889040931061 0.
885320968090412[] 
 []


Overfull \hbox (48.74657pt too wide) in paragraph at lines 86--86
[]\OT1/cmtt/m/n/10 0.00250289974347753 0.588549446853129 0.406444753659916 0.00
250289974347753[] 
 []


Overfull \hbox (48.74657pt too wide) in paragraph at lines 86--86
[]\OT1/cmtt/m/n/10 0.00238495824006619 0.333590174989956 0.661639908529912 0.00
238495824006619[] 
 []


Overfull \hbox (27.74675pt too wide) in paragraph at lines 86--86
[]\OT1/cmtt/m/n/10 0.001729434010637 0.882689533127682 0.113851598851044 0.0017
29434010637[] 
 []


Overfull \hbox (27.74675pt too wide) in paragraph at lines 86--86
[]\OT1/cmtt/m/n/10 0.001729434010637 0.113851598851044 0.882689533127682 0.0017
29434010637[] 
 []


Overfull \hbox (38.24666pt too wide) in paragraph at lines 86--86
[]\OT1/cmtt/m/n/10 0.00414116507322938 0.621920691570233 0.333779304956604 0.04
0158838399933[] 
 []

File: typeIandII.png Graphic file (type QTm)
<use  "typeIandII.png" >
Overfull \hbox (136.90858pt too wide) in paragraph at lines 90--92
[] 
 []

[3] [4]
Overfull \hbox (3.67123pt too wide) in paragraph at lines 114--122
\OT1/cmr/m/n/10 THE MAX PLANCK SO-CI-ETY HAS NO OBLI-GA-TION TO PRO-VIDE MAIN-
 []


Overfull \hbox (12.77731pt too wide) in paragraph at lines 114--122
\OT1/cmr/m/n/10 TE-NANCE, SUP-PORT, UP-DATES, EN-HANCE-MENTS, OR MOD-I-FI-CA-TI
ONS.
 []

[5] (./program.aux) ) 
Here is how much of TeX's memory you used:
 587 strings out of 493706
 7068 string characters out of 6145769
 63714 words of memory out of 5000000
 3982 multiletter control sequences out of 15000+600000
 5328 words of font info for 20 fonts, out of 8000000 for 9000
 1328 hyphenation exceptions out of 8191
 25i,4n,19p,507b,241s stack positions out of 5000i,500n,10000p,200000b,80000s

Output written on program.pdf (5 pages).
